<?xml version="1.0" encoding="UTF-8"?>
<testsuite xmlns:xsi="http://www.w3.org/2001/XMLSchema-instance" xsi:noNamespaceSchemaLocation="https://maven.apache.org/surefire/maven-surefire-plugin/xsd/surefire-test-report-3.0.xsd" version="3.0" name="com.example.pathpilotfx.model.UserTest" time="0.142" tests="15" errors="0" skipped="0" failures="0">
  <properties>
    <property name="java.specification.version" value="21"/>
    <property name="javafx.runtime.version" value="21+31"/>
    <property name="sun.cpu.isalist" value="amd64"/>
    <property name="sun.jnu.encoding" value="Cp1252"/>
    <property name="java.class.path" value="C:\Users\61410\OneDrive\Documents\University\CAB302\path-pilot-pc2\target\test-classes;C:\Users\61410\OneDrive\Documents\University\CAB302\path-pilot-pc2\target\classes;C:\Users\61410\.m2\repository\org\xerial\sqlite-jdbc\3.36.0.3\sqlite-jdbc-3.36.0.3.jar;C:\Users\61410\.m2\repository\com\jfoenix\jfoenix\9.0.10\jfoenix-9.0.10.jar;C:\Users\61410\.m2\repository\org\openjfx\javafx-controls\21\javafx-controls-21.jar;C:\Users\61410\.m2\repository\org\openjfx\javafx-controls\21\javafx-controls-21-win.jar;C:\Users\61410\.m2\repository\org\openjfx\javafx-graphics\21\javafx-graphics-21.jar;C:\Users\61410\.m2\repository\org\openjfx\javafx-graphics\21\javafx-graphics-21-win.jar;C:\Users\61410\.m2\repository\org\openjfx\javafx-base\21\javafx-base-21.jar;C:\Users\61410\.m2\repository\org\openjfx\javafx-base\21\javafx-base-21-win.jar;C:\Users\61410\.m2\repository\org\openjfx\javafx-fxml\21\javafx-fxml-21.jar;C:\Users\61410\.m2\repository\org\openjfx\javafx-fxml\21\javafx-fxml-21-win.jar;C:\Users\61410\.m2\repository\org\junit\jupiter\junit-jupiter-api\5.10.0\junit-jupiter-api-5.10.0.jar;C:\Users\61410\.m2\repository\org\opentest4j\opentest4j\1.3.0\opentest4j-1.3.0.jar;C:\Users\61410\.m2\repository\org\junit\platform\junit-platform-commons\1.10.0\junit-platform-commons-1.10.0.jar;C:\Users\61410\.m2\repository\org\apiguardian\apiguardian-api\1.1.2\apiguardian-api-1.1.2.jar;C:\Users\61410\.m2\repository\org\junit\jupiter\junit-jupiter-engine\5.10.0\junit-jupiter-engine-5.10.0.jar;C:\Users\61410\.m2\repository\org\junit\platform\junit-platform-engine\1.10.0\junit-platform-engine-1.10.0.jar;"/>
    <property name="java.vm.vendor" value="Amazon.com Inc."/>
    <property name="sun.arch.data.model" value="64"/>
    <property name="user.variant" value=""/>
    <property name="java.vendor.url" value="https://aws.amazon.com/corretto/"/>
    <property name="user.timezone" value="Australia/Brisbane"/>
    <property name="os.name" value="Windows 11"/>
    <property name="java.vm.specification.version" value="21"/>
    <property name="javafx.version" value="21"/>
    <property name="sun.java.launcher" value="SUN_STANDARD"/>
    <property name="user.country" value="AU"/>
    <property name="sun.boot.library.path" value="C:\Users\61410\.jdks\corretto-21.0.3\bin"/>
    <property name="sun.java.command" value="C:\Users\61410\AppData\Local\Temp\surefire2058820074031913342\surefirebooter-20240514161019274_3.jar C:\Users\61410\AppData\Local\Temp\surefire2058820074031913342 2024-05-14T16-10-18_823-jvmRun1 surefire-20240514161019274_1tmp surefire_0-20240514161019274_2tmp"/>
    <property name="jdk.debug" value="release"/>
    <property name="surefire.test.class.path" value="C:\Users\61410\OneDrive\Documents\University\CAB302\path-pilot-pc2\target\test-classes;C:\Users\61410\OneDrive\Documents\University\CAB302\path-pilot-pc2\target\classes;C:\Users\61410\.m2\repository\org\xerial\sqlite-jdbc\3.36.0.3\sqlite-jdbc-3.36.0.3.jar;C:\Users\61410\.m2\repository\com\jfoenix\jfoenix\9.0.10\jfoenix-9.0.10.jar;C:\Users\61410\.m2\repository\org\openjfx\javafx-controls\21\javafx-controls-21.jar;C:\Users\61410\.m2\repository\org\openjfx\javafx-controls\21\javafx-controls-21-win.jar;C:\Users\61410\.m2\repository\org\openjfx\javafx-graphics\21\javafx-graphics-21.jar;C:\Users\61410\.m2\repository\org\openjfx\javafx-graphics\21\javafx-graphics-21-win.jar;C:\Users\61410\.m2\repository\org\openjfx\javafx-base\21\javafx-base-21.jar;C:\Users\61410\.m2\repository\org\openjfx\javafx-base\21\javafx-base-21-win.jar;C:\Users\61410\.m2\repository\org\openjfx\javafx-fxml\21\javafx-fxml-21.jar;C:\Users\61410\.m2\repository\org\openjfx\javafx-fxml\21\javafx-fxml-21-win.jar;C:\Users\61410\.m2\repository\org\junit\jupiter\junit-jupiter-api\5.10.0\junit-jupiter-api-5.10.0.jar;C:\Users\61410\.m2\repository\org\opentest4j\opentest4j\1.3.0\opentest4j-1.3.0.jar;C:\Users\61410\.m2\repository\org\junit\platform\junit-platform-commons\1.10.0\junit-platform-commons-1.10.0.jar;C:\Users\61410\.m2\repository\org\apiguardian\apiguardian-api\1.1.2\apiguardian-api-1.1.2.jar;C:\Users\61410\.m2\repository\org\junit\jupiter\junit-jupiter-engine\5.10.0\junit-jupiter-engine-5.10.0.jar;C:\Users\61410\.m2\repository\org\junit\platform\junit-platform-engine\1.10.0\junit-platform-engine-1.10.0.jar;"/>
    <property name="sun.cpu.endian" value="little"/>
    <property name="user.home" value="C:\Users\61410"/>
    <property name="user.language" value="en"/>
    <property name="java.specification.vendor" value="Oracle Corporation"/>
    <property name="java.version.date" value="2024-04-16"/>
    <property name="java.home" value="C:\Users\61410\.jdks\corretto-21.0.3"/>
    <property name="file.separator" value="\"/>
    <property name="basedir" value="C:\Users\61410\OneDrive\Documents\University\CAB302\path-pilot-pc2"/>
    <property name="java.vm.compressedOopsMode" value="Zero based"/>
    <property name="line.separator" value="&#10;"/>
    <property name="java.vm.specification.vendor" value="Oracle Corporation"/>
    <property name="java.specification.name" value="Java Platform API Specification"/>
    <property name="surefire.real.class.path" value="C:\Users\61410\AppData\Local\Temp\surefire2058820074031913342\surefirebooter-20240514161019274_3.jar"/>
    <property name="user.script" value=""/>
    <property name="sun.management.compiler" value="HotSpot 64-Bit Tiered Compilers"/>
    <property name="java.runtime.version" value="21.0.3+9-LTS"/>
    <property name="user.name" value="61410"/>
    <property name="stdout.encoding" value="Cp1252"/>
    <property name="path.separator" value=";"/>
    <property name="os.version" value="10.0"/>
    <property name="java.runtime.name" value="OpenJDK Runtime Environment"/>
    <property name="file.encoding" value="UTF-8"/>
    <property name="java.vm.name" value="OpenJDK 64-Bit Server VM"/>
    <property name="java.vendor.version" value="Corretto-21.0.3.9.1"/>
    <property name="localRepository" value="C:\Users\61410\.m2\repository"/>
    <property name="java.vendor.url.bug" value="https://github.com/corretto/corretto-21/issues/"/>
    <property name="java.io.tmpdir" value="C:\Users\61410\AppData\Local\Temp\"/>
    <property name="idea.version" value="2023.3.5"/>
    <property name="java.version" value="21.0.3"/>
    <property name="user.dir" value="C:\Users\61410\OneDrive\Documents\University\CAB302\path-pilot-pc2"/>
    <property name="os.arch" value="amd64"/>
    <property name="java.vm.specification.name" value="Java Virtual Machine Specification"/>
    <property name="sun.os.patch.level" value=""/>
    <property name="native.encoding" value="Cp1252"/>
    <property name="java.library.path" value="C:\Users\61410\.jdks\corretto-21.0.3\bin;C:\WINDOWS\Sun\Java\bin;C:\WINDOWS\system32;C:\WINDOWS;C:\Program Files\Amazon Corretto\jdk17.0.10_7\bin;C:\WINDOWS\system32;C:\WINDOWS;C:\WINDOWS\System32\Wbem;C:\WINDOWS\System32\WindowsPowerShell\v1.0\;C:\WINDOWS\System32\OpenSSH\;C:\Program Files\php 8.2.10;C:\Program Files\dotnet\;C:\Program Files\Git\bin\;C:\Program Files\Git\cmd\;C:\Users\61410\AppData\Local\Microsoft\WindowsApps;C:\Users\61410\AppData\Local\Programs\Microsoft VS Code\bin;C:\MinGW\bin;C:\Program Files\CMake\bin;C:\Users\61410\.dotnet\tools;C:\Users\61410\AppData\Local\GitHubDesktop\bin;."/>
    <property name="java.vm.info" value="mixed mode, sharing"/>
    <property name="stderr.encoding" value="Cp1252"/>
    <property name="java.vendor" value="Amazon.com Inc."/>
    <property name="java.vm.version" value="21.0.3+9-LTS"/>
    <property name="sun.io.unicode.encoding" value="UnicodeLittle"/>
    <property name="java.class.version" value="65.0"/>
  </properties>
  <testcase name="testSetPassword" classname="com.example.pathpilotfx.model.UserTest" time="0.04"/>
  <testcase name="testGetPassword" classname="com.example.pathpilotfx.model.UserTest" time="0.001"/>
  <testcase name="testGetEmail" classname="com.example.pathpilotfx.model.UserTest" time="0.006"/>
  <testcase name="testGetCreationDate" classname="com.example.pathpilotfx.model.UserTest" time="0.004"/>
  <testcase name="testToString" classname="com.example.pathpilotfx.model.UserTest" time="0.021"/>
  <testcase name="testConstructorAndGetters" classname="com.example.pathpilotfx.model.UserTest" time="0.004"/>
  <testcase name="testSetCreationDate" classname="com.example.pathpilotfx.model.UserTest" time="0.002"/>
  <testcase name="testConstructorWithUserIDOnly" classname="com.example.pathpilotfx.model.UserTest" time="0.004"/>
  <testcase name="testSetUsername" classname="com.example.pathpilotfx.model.UserTest" time="0.008"/>
  <testcase name="testGetUsername" classname="com.example.pathpilotfx.model.UserTest" time="0.006"/>
  <testcase name="testSetUserID" classname="com.example.pathpilotfx.model.UserTest" time="0.002"/>
  <testcase name="testGetExp" classname="com.example.pathpilotfx.model.UserTest" time="0.002"/>
  <testcase name="testGetUserID" classname="com.example.pathpilotfx.model.UserTest" time="0.002"/>
  <testcase name="testSetExp" classname="com.example.pathpilotfx.model.UserTest" time="0.001"/>
  <testcase name="testSetEmail" classname="com.example.pathpilotfx.model.UserTest" time="0.001"/>
</testsuite>